<mxfile userAgent="Mozilla/5.0 (Macintosh; Intel Mac OS X 10_12_3) AppleWebKit/537.36 (KHTML, like Gecko) Chrome/56.0.2924.87 Safari/537.36" version="6.2.3" editor="www.draw.io" type="github"><diagram name="Page-1">jZJLb4MwDMc/DfeSaH1cx7rushOHnTPikmiBoGAK7NMvNA4PVZXGAcU/P+L87YRn1XBxolGfVoJJ2E4OCX9LGDscmP9PYAxg/8IDKJ2WAaULyPUvENwR7bSEdhOI1hrUzRYWtq6hwA0Tztl+G3a1ZntrI0p4AHkhzCP90hJVoEe2X/gH6FLFm9P9KXi+RfFTOtvVdF/C+PX+BXclYi16aKuEtP0K8XPCM2cthlM1ZGAmaaNsIe/9iXfu20GN/0mgOd2E6ejpCC1OjYkbUIs4Rll8rp+AN157pRHyRhSTp/c74JnCyngr9UeqCg5heNpZOr/XrxHYCtCNPiQmRIlohdIT2f0ykDlGrYZxJCZoB8q59KKDP5AU0Vwkv/tWa83Pfw==</diagram></mxfile>