<mxfile userAgent="Mozilla/5.0 (Macintosh; Intel Mac OS X 10_13_2) AppleWebKit/537.36 (KHTML, like Gecko) Chrome/63.0.3239.132 Safari/537.36" version="8.0.1" editor="www.draw.io" type="github"><diagram name="Page-1" id="0ce5c9f3-de2c-1da6-7067-51b722073831">vZRNU4MwEIZ/DXcgWturtepBTz14jrAl0cAyYSngrzeQhI+hnXHGUS4kb95kdx82BGyft0+al+IVU1BBHKZtwB6COI7C29C8eqWzyt12Z4VMy9SZJuEov8DvdGotU6gWRkJUJMulmGBRQEILjWuNzdJ2QrWMWvIMVsIx4WqtvsmUhFW38WbSn0FmwkeONq6+d558ZhrrwsULYnYaHrucc3+WK7QSPMVmJrFDwPYakewob/egerYem933eGV1zFtDQT/ZcGM3nLmqwWc85EWdZwGpQeOmqElghgVXh0m9H+qF/sTQzATlygwjM/wAos59XV4TGmk64QWxdD4bsw90tQwnVVjrxLlcqsR1Bs7FRoSmNQFzIN0ZiwbFSZ6Xp3PXI9nomziZgUN1GVu8wkZQUZ8fN1FWBJUyjduTaoQkOJZ8KKExd2fJ62rZZ9AE7Uxa1+hXfWe5mxft3LyZ+nj0iFkPb8PfY2F/iWXF4AKpq1jYP2Ix0+kCD2uzvyQ7fAM=</diagram></mxfile>